2024-05-18 21:57:30 [main] ERROR c.r.d.v.fields.HouseNoValidator - @HouseNo校验失败：(鄂(2016)宜昌市不动产权第0038301号) [houseNo] of ApplyGuaranteeInfo(id=38, applyRecordId=80, dataStatus=0, updateTime=Tue Jul 12 17:37:07 CST 2022, guaranteeType=2, guarantorType=null, mortgagorType=1, collateralRegionType=1, houseType=1, houseNo=鄂(2016)宜昌市不动产权第0038301号, guaranteeSupplementMediaId=1546669947931987968, houseLoanPrincipal=null, loanPrincipalMediaId=null, houseAddress=null, houseEvaluationPrice=null, houseArea=null, houseSoleOwnerOr=null, depositReceiptNumber=null, houseOwner=null, sendInfoMobile=null, sendSpouseInfoMobile=null)
java.lang.NoSuchFieldException: house_type
	at java.lang.Class.getDeclaredField(Class.java:2070)
	at com.razor.dqa.validator.fields.HouseNoValidator.validate(HouseNoValidator.java:28)
	at com.razor.dqa.validator.AnnotationBasedValidator.validate(AnnotationBasedValidator.java:53)
	at com.razor.dqa.service.impl.DataQualityAssessServiceImpl.assessData(DataQualityAssessServiceImpl.java:169)
	at com.razor.dqa.DqaApplication.main(DqaApplication.java:21)
2024-05-18 21:57:30 [main] ERROR c.r.d.v.fields.HouseNoValidator - @HouseNo校验失败：(鄂(2022)宜昌市不动产权第0045537号) [houseNo] of ApplyGuaranteeInfo(id=293, applyRecordId=459, dataStatus=1, updateTime=Thu Aug 24 02:10:02 CST 2023, guaranteeType=2, guarantorType=null, mortgagorType=2, collateralRegionType=1, houseType=2, houseNo=鄂(2022)宜昌市不动产权第0045537号, guaranteeSupplementMediaId=1694288993300123648, houseLoanPrincipal=400000.00, loanPrincipalMediaId=1694289016268132352, houseAddress=列电路49-15-201号, houseEvaluationPrice=5089.00, houseArea=106.98, houseSoleOwnerOr=0, depositReceiptNumber=null, houseOwner=宋猛,杜晓娟, sendInfoMobile=15926975365, sendSpouseInfoMobile=null)
java.lang.NoSuchFieldException: house_type
	at java.lang.Class.getDeclaredField(Class.java:2070)
	at com.razor.dqa.validator.fields.HouseNoValidator.validate(HouseNoValidator.java:28)
	at com.razor.dqa.validator.AnnotationBasedValidator.validate(AnnotationBasedValidator.java:53)
	at com.razor.dqa.service.impl.DataQualityAssessServiceImpl.assessData(DataQualityAssessServiceImpl.java:169)
	at com.razor.dqa.DqaApplication.main(DqaApplication.java:21)
2024-05-18 21:57:30 [main] ERROR c.r.d.v.fields.HouseNoValidator - @HouseNo校验失败：(鄂(2022)宜昌市不动产权第0045536号) [houseNo] of ApplyGuaranteeInfo(id=294, applyRecordId=459, dataStatus=1, updateTime=Thu Aug 24 02:10:19 CST 2023, guaranteeType=2, guarantorType=null, mortgagorType=2, collateralRegionType=1, houseType=2, houseNo=鄂(2022)宜昌市不动产权第0045536号, guaranteeSupplementMediaId=1694288993300123648, houseLoanPrincipal=400000.00, loanPrincipalMediaId=1694289016268132352, houseAddress=列电路49-15-201号, houseEvaluationPrice=5089.00, houseArea=106.98, houseSoleOwnerOr=0, depositReceiptNumber=null, houseOwner=null, sendInfoMobile=15926975365, sendSpouseInfoMobile=null)
java.lang.NoSuchFieldException: house_type
	at java.lang.Class.getDeclaredField(Class.java:2070)
	at com.razor.dqa.validator.fields.HouseNoValidator.validate(HouseNoValidator.java:28)
	at com.razor.dqa.validator.AnnotationBasedValidator.validate(AnnotationBasedValidator.java:53)
	at com.razor.dqa.service.impl.DataQualityAssessServiceImpl.assessData(DataQualityAssessServiceImpl.java:169)
	at com.razor.dqa.DqaApplication.main(DqaApplication.java:21)
2024-05-18 21:57:30 [main] ERROR c.r.d.v.fields.HouseNoValidator - @HouseNo校验失败：(鄂(2022)宜昌市不动产权第0045537号) [houseNo] of ApplyGuaranteeInfo(id=295, applyRecordId=459, dataStatus=1, updateTime=Thu Aug 24 02:10:29 CST 2023, guaranteeType=2, guarantorType=null, mortgagorType=2, collateralRegionType=1, houseType=2, houseNo=鄂(2022)宜昌市不动产权第0045537号, guaranteeSupplementMediaId=1694288993300123648, houseLoanPrincipal=400000.00, loanPrincipalMediaId=1694289016268132352, houseAddress=列电路49-15-201号, houseEvaluationPrice=5089.00, houseArea=106.98, houseSoleOwnerOr=0, depositReceiptNumber=null, houseOwner=null, sendInfoMobile=15926975365, sendSpouseInfoMobile=null)
java.lang.NoSuchFieldException: house_type
	at java.lang.Class.getDeclaredField(Class.java:2070)
	at com.razor.dqa.validator.fields.HouseNoValidator.validate(HouseNoValidator.java:28)
	at com.razor.dqa.validator.AnnotationBasedValidator.validate(AnnotationBasedValidator.java:53)
	at com.razor.dqa.service.impl.DataQualityAssessServiceImpl.assessData(DataQualityAssessServiceImpl.java:169)
	at com.razor.dqa.DqaApplication.main(DqaApplication.java:21)
2024-05-18 21:57:30 [main] ERROR c.r.d.v.fields.HouseNoValidator - @HouseNo校验失败：(鄂(2022)宜昌市不动产权第0045537号) [houseNo] of ApplyGuaranteeInfo(id=296, applyRecordId=459, dataStatus=1, updateTime=Thu Aug 24 02:10:46 CST 2023, guaranteeType=2, guarantorType=null, mortgagorType=2, collateralRegionType=1, houseType=2, houseNo=鄂(2022)宜昌市不动产权第0045537号, guaranteeSupplementMediaId=1694288993300123648, houseLoanPrincipal=400000.00, loanPrincipalMediaId=1694289016268132352, houseAddress=列电路49-15-201号, houseEvaluationPrice=5089.00, houseArea=106.98, houseSoleOwnerOr=0, depositReceiptNumber=null, houseOwner=null, sendInfoMobile=15926975365, sendSpouseInfoMobile=null)
java.lang.NoSuchFieldException: house_type
	at java.lang.Class.getDeclaredField(Class.java:2070)
	at com.razor.dqa.validator.fields.HouseNoValidator.validate(HouseNoValidator.java:28)
	at com.razor.dqa.validator.AnnotationBasedValidator.validate(AnnotationBasedValidator.java:53)
	at com.razor.dqa.service.impl.DataQualityAssessServiceImpl.assessData(DataQualityAssessServiceImpl.java:169)
	at com.razor.dqa.DqaApplication.main(DqaApplication.java:21)
2024-05-18 21:57:30 [main] ERROR c.r.d.v.fields.HouseNoValidator - @HouseNo校验失败：(鄂(2022)宜昌市不动产权第0045534号) [houseNo] of ApplyGuaranteeInfo(id=297, applyRecordId=459, dataStatus=1, updateTime=Thu Aug 24 02:11:31 CST 2023, guaranteeType=2, guarantorType=null, mortgagorType=2, collateralRegionType=1, houseType=2, houseNo=鄂(2022)宜昌市不动产权第0045534号, guaranteeSupplementMediaId=1694288993300123648, houseLoanPrincipal=400000.00, loanPrincipalMediaId=1694289016268132352, houseAddress=列电路49-15-201号, houseEvaluationPrice=5089.00, houseArea=106.98, houseSoleOwnerOr=0, depositReceiptNumber=null, houseOwner=null, sendInfoMobile=15926975365, sendSpouseInfoMobile=null)
java.lang.NoSuchFieldException: house_type
	at java.lang.Class.getDeclaredField(Class.java:2070)
	at com.razor.dqa.validator.fields.HouseNoValidator.validate(HouseNoValidator.java:28)
	at com.razor.dqa.validator.AnnotationBasedValidator.validate(AnnotationBasedValidator.java:53)
	at com.razor.dqa.service.impl.DataQualityAssessServiceImpl.assessData(DataQualityAssessServiceImpl.java:169)
	at com.razor.dqa.DqaApplication.main(DqaApplication.java:21)
2024-05-18 21:57:30 [main] ERROR c.r.d.v.fields.HouseNoValidator - @HouseNo校验失败：(鄂(2022)宜昌市不动产权第0045534号) [houseNo] of ApplyGuaranteeInfo(id=298, applyRecordId=459, dataStatus=1, updateTime=Thu Aug 24 02:12:32 CST 2023, guaranteeType=2, guarantorType=null, mortgagorType=2, collateralRegionType=1, houseType=2, houseNo=鄂(2022)宜昌市不动产权第0045534号, guaranteeSupplementMediaId=1694288993300123648, houseLoanPrincipal=400000.00, loanPrincipalMediaId=1694289016268132352, houseAddress=列电路49-15-201号, houseEvaluationPrice=5089.00, houseArea=106.98, houseSoleOwnerOr=0, depositReceiptNumber=null, houseOwner=null, sendInfoMobile=15926975365, sendSpouseInfoMobile=null)
java.lang.NoSuchFieldException: house_type
	at java.lang.Class.getDeclaredField(Class.java:2070)
	at com.razor.dqa.validator.fields.HouseNoValidator.validate(HouseNoValidator.java:28)
	at com.razor.dqa.validator.AnnotationBasedValidator.validate(AnnotationBasedValidator.java:53)
	at com.razor.dqa.service.impl.DataQualityAssessServiceImpl.assessData(DataQualityAssessServiceImpl.java:169)
	at com.razor.dqa.DqaApplication.main(DqaApplication.java:21)
2024-05-18 21:57:30 [main] ERROR c.r.d.v.fields.HouseNoValidator - @HouseNo校验失败：(鄂(2022)宜昌市不动产权第0045537号) [houseNo] of ApplyGuaranteeInfo(id=299, applyRecordId=459, dataStatus=1, updateTime=Thu Aug 24 02:14:09 CST 2023, guaranteeType=2, guarantorType=null, mortgagorType=2, collateralRegionType=1, houseType=2, houseNo=鄂(2022)宜昌市不动产权第0045537号, guaranteeSupplementMediaId=1694288993300123648, houseLoanPrincipal=400000.00, loanPrincipalMediaId=1694289016268132352, houseAddress=列电路49-15-201号, houseEvaluationPrice=5089.00, houseArea=106.98, houseSoleOwnerOr=0, depositReceiptNumber=null, houseOwner=null, sendInfoMobile=15926975365, sendSpouseInfoMobile=null)
java.lang.NoSuchFieldException: house_type
	at java.lang.Class.getDeclaredField(Class.java:2070)
	at com.razor.dqa.validator.fields.HouseNoValidator.validate(HouseNoValidator.java:28)
	at com.razor.dqa.validator.AnnotationBasedValidator.validate(AnnotationBasedValidator.java:53)
	at com.razor.dqa.service.impl.DataQualityAssessServiceImpl.assessData(DataQualityAssessServiceImpl.java:169)
	at com.razor.dqa.DqaApplication.main(DqaApplication.java:21)
2024-05-18 21:57:30 [main] ERROR c.r.d.v.fields.HouseNoValidator - @HouseNo校验失败：(鄂(2022)宜昌市不动产权第0045537号1) [houseNo] of ApplyGuaranteeInfo(id=300, applyRecordId=459, dataStatus=1, updateTime=Thu Aug 24 02:14:43 CST 2023, guaranteeType=2, guarantorType=null, mortgagorType=2, collateralRegionType=1, houseType=2, houseNo=鄂(2022)宜昌市不动产权第0045537号1, guaranteeSupplementMediaId=1694288993300123648, houseLoanPrincipal=400000.00, loanPrincipalMediaId=1694289016268132352, houseAddress=列电路49-15-201号1, houseEvaluationPrice=5088.95, houseArea=106.98, houseSoleOwnerOr=0, depositReceiptNumber=null, houseOwner=null, sendInfoMobile=15926975365, sendSpouseInfoMobile=null)
java.lang.NoSuchFieldException: house_type
	at java.lang.Class.getDeclaredField(Class.java:2070)
	at com.razor.dqa.validator.fields.HouseNoValidator.validate(HouseNoValidator.java:28)
	at com.razor.dqa.validator.AnnotationBasedValidator.validate(AnnotationBasedValidator.java:53)
	at com.razor.dqa.service.impl.DataQualityAssessServiceImpl.assessData(DataQualityAssessServiceImpl.java:169)
	at com.razor.dqa.DqaApplication.main(DqaApplication.java:21)
2024-05-18 21:57:30 [main] ERROR c.r.d.v.fields.HouseNoValidator - @HouseNo校验失败：(鄂(2022)宜昌市不动产权第0045537号) [houseNo] of ApplyGuaranteeInfo(id=301, applyRecordId=459, dataStatus=1, updateTime=Thu Aug 24 02:14:51 CST 2023, guaranteeType=2, guarantorType=null, mortgagorType=2, collateralRegionType=1, houseType=2, houseNo=鄂(2022)宜昌市不动产权第0045537号, guaranteeSupplementMediaId=1694288993300123648, houseLoanPrincipal=400000.00, loanPrincipalMediaId=1694289016268132352, houseAddress=列电路49-15-201号1, houseEvaluationPrice=5088.95, houseArea=106.98, houseSoleOwnerOr=0, depositReceiptNumber=null, houseOwner=null, sendInfoMobile=15926975365, sendSpouseInfoMobile=null)
java.lang.NoSuchFieldException: house_type
	at java.lang.Class.getDeclaredField(Class.java:2070)
	at com.razor.dqa.validator.fields.HouseNoValidator.validate(HouseNoValidator.java:28)
	at com.razor.dqa.validator.AnnotationBasedValidator.validate(AnnotationBasedValidator.java:53)
	at com.razor.dqa.service.impl.DataQualityAssessServiceImpl.assessData(DataQualityAssessServiceImpl.java:169)
	at com.razor.dqa.DqaApplication.main(DqaApplication.java:21)
2024-05-18 21:57:30 [main] ERROR c.r.d.v.fields.HouseNoValidator - @HouseNo校验失败：(鄂(2022)宜昌市不动产权第0045537号) [houseNo] of ApplyGuaranteeInfo(id=302, applyRecordId=459, dataStatus=1, updateTime=Thu Aug 24 02:15:01 CST 2023, guaranteeType=2, guarantorType=null, mortgagorType=2, collateralRegionType=1, houseType=2, houseNo=鄂(2022)宜昌市不动产权第0045537号, guaranteeSupplementMediaId=1694288993300123648, houseLoanPrincipal=400000.00, loanPrincipalMediaId=1694289016268132352, houseAddress=列电路49-15-201号1, houseEvaluationPrice=5088.94, houseArea=106.98, houseSoleOwnerOr=0, depositReceiptNumber=null, houseOwner=null, sendInfoMobile=15926975365, sendSpouseInfoMobile=null)
java.lang.NoSuchFieldException: house_type
	at java.lang.Class.getDeclaredField(Class.java:2070)
	at com.razor.dqa.validator.fields.HouseNoValidator.validate(HouseNoValidator.java:28)
	at com.razor.dqa.validator.AnnotationBasedValidator.validate(AnnotationBasedValidator.java:53)
	at com.razor.dqa.service.impl.DataQualityAssessServiceImpl.assessData(DataQualityAssessServiceImpl.java:169)
	at com.razor.dqa.DqaApplication.main(DqaApplication.java:21)
2024-05-18 21:57:30 [main] ERROR c.r.d.v.fields.HouseNoValidator - @HouseNo校验失败：(鄂(2022)宜昌市不动产权第0045537号1) [houseNo] of ApplyGuaranteeInfo(id=303, applyRecordId=459, dataStatus=1, updateTime=Thu Aug 24 02:15:08 CST 2023, guaranteeType=2, guarantorType=null, mortgagorType=2, collateralRegionType=1, houseType=2, houseNo=鄂(2022)宜昌市不动产权第0045537号1, guaranteeSupplementMediaId=1694288993300123648, houseLoanPrincipal=400000.00, loanPrincipalMediaId=1694289016268132352, houseAddress=列电路49-15-201号1, houseEvaluationPrice=5088.93, houseArea=106.98, houseSoleOwnerOr=0, depositReceiptNumber=null, houseOwner=null, sendInfoMobile=15926975365, sendSpouseInfoMobile=null)
java.lang.NoSuchFieldException: house_type
	at java.lang.Class.getDeclaredField(Class.java:2070)
	at com.razor.dqa.validator.fields.HouseNoValidator.validate(HouseNoValidator.java:28)
	at com.razor.dqa.validator.AnnotationBasedValidator.validate(AnnotationBasedValidator.java:53)
	at com.razor.dqa.service.impl.DataQualityAssessServiceImpl.assessData(DataQualityAssessServiceImpl.java:169)
	at com.razor.dqa.DqaApplication.main(DqaApplication.java:21)
2024-05-18 21:57:30 [main] ERROR c.r.d.v.fields.HouseNoValidator - @HouseNo校验失败：(鄂(2022)宜昌市不动产权第0045537号1) [houseNo] of ApplyGuaranteeInfo(id=304, applyRecordId=459, dataStatus=1, updateTime=Thu Aug 24 02:16:50 CST 2023, guaranteeType=2, guarantorType=null, mortgagorType=2, collateralRegionType=1, houseType=2, houseNo=鄂(2022)宜昌市不动产权第0045537号1, guaranteeSupplementMediaId=1694288993300123648, houseLoanPrincipal=400000.00, loanPrincipalMediaId=1694289016268132352, houseAddress=列电路49-15-201号1, houseEvaluationPrice=5088.93, houseArea=106.98, houseSoleOwnerOr=0, depositReceiptNumber=null, houseOwner=null, sendInfoMobile=15926975365, sendSpouseInfoMobile=null)
java.lang.NoSuchFieldException: house_type
	at java.lang.Class.getDeclaredField(Class.java:2070)
	at com.razor.dqa.validator.fields.HouseNoValidator.validate(HouseNoValidator.java:28)
	at com.razor.dqa.validator.AnnotationBasedValidator.validate(AnnotationBasedValidator.java:53)
	at com.razor.dqa.service.impl.DataQualityAssessServiceImpl.assessData(DataQualityAssessServiceImpl.java:169)
	at com.razor.dqa.DqaApplication.main(DqaApplication.java:21)
2024-05-18 21:57:30 [main] ERROR c.r.d.v.fields.HouseNoValidator - @HouseNo校验失败：(鄂(2022)宜昌市不动产权第0045537号) [houseNo] of ApplyGuaranteeInfo(id=305, applyRecordId=459, dataStatus=1, updateTime=Thu Aug 24 02:17:17 CST 2023, guaranteeType=2, guarantorType=null, mortgagorType=2, collateralRegionType=1, houseType=2, houseNo=鄂(2022)宜昌市不动产权第0045537号, guaranteeSupplementMediaId=1694288993300123648, houseLoanPrincipal=400000.00, loanPrincipalMediaId=1694289016268132352, houseAddress=列电路49-15-201号1, houseEvaluationPrice=5088.93, houseArea=106.98, houseSoleOwnerOr=0, depositReceiptNumber=null, houseOwner=null, sendInfoMobile=15926975365, sendSpouseInfoMobile=null)
java.lang.NoSuchFieldException: house_type
	at java.lang.Class.getDeclaredField(Class.java:2070)
	at com.razor.dqa.validator.fields.HouseNoValidator.validate(HouseNoValidator.java:28)
	at com.razor.dqa.validator.AnnotationBasedValidator.validate(AnnotationBasedValidator.java:53)
	at com.razor.dqa.service.impl.DataQualityAssessServiceImpl.assessData(DataQualityAssessServiceImpl.java:169)
	at com.razor.dqa.DqaApplication.main(DqaApplication.java:21)
2024-05-18 21:57:30 [main] ERROR c.r.d.v.fields.HouseNoValidator - @HouseNo校验失败：(鄂(2022)宜昌市不动产权第0045532号) [houseNo] of ApplyGuaranteeInfo(id=306, applyRecordId=459, dataStatus=1, updateTime=Thu Aug 24 02:17:34 CST 2023, guaranteeType=2, guarantorType=null, mortgagorType=2, collateralRegionType=1, houseType=2, houseNo=鄂(2022)宜昌市不动产权第0045532号, guaranteeSupplementMediaId=1694288993300123648, houseLoanPrincipal=400000.00, loanPrincipalMediaId=1694289016268132352, houseAddress=列电路49-15-201号1, houseEvaluationPrice=5088.93, houseArea=106.98, houseSoleOwnerOr=0, depositReceiptNumber=null, houseOwner=null, sendInfoMobile=15926975365, sendSpouseInfoMobile=null)
java.lang.NoSuchFieldException: house_type
	at java.lang.Class.getDeclaredField(Class.java:2070)
	at com.razor.dqa.validator.fields.HouseNoValidator.validate(HouseNoValidator.java:28)
	at com.razor.dqa.validator.AnnotationBasedValidator.validate(AnnotationBasedValidator.java:53)
	at com.razor.dqa.service.impl.DataQualityAssessServiceImpl.assessData(DataQualityAssessServiceImpl.java:169)
	at com.razor.dqa.DqaApplication.main(DqaApplication.java:21)
2024-05-18 21:57:30 [main] ERROR c.r.d.v.fields.HouseNoValidator - @HouseNo校验失败：(鄂(2022)宜昌市不动产权第0045537号) [houseNo] of ApplyGuaranteeInfo(id=307, applyRecordId=459, dataStatus=1, updateTime=Thu Aug 24 02:17:59 CST 2023, guaranteeType=2, guarantorType=null, mortgagorType=2, collateralRegionType=1, houseType=2, houseNo=鄂(2022)宜昌市不动产权第0045537号, guaranteeSupplementMediaId=1694288993300123648, houseLoanPrincipal=400000.00, loanPrincipalMediaId=1694289016268132352, houseAddress=列电路49-15-201号1, houseEvaluationPrice=6023.68, houseArea=106.98, houseSoleOwnerOr=0, depositReceiptNumber=null, houseOwner=null, sendInfoMobile=15926975365, sendSpouseInfoMobile=null)
java.lang.NoSuchFieldException: house_type
	at java.lang.Class.getDeclaredField(Class.java:2070)
	at com.razor.dqa.validator.fields.HouseNoValidator.validate(HouseNoValidator.java:28)
	at com.razor.dqa.validator.AnnotationBasedValidator.validate(AnnotationBasedValidator.java:53)
	at com.razor.dqa.service.impl.DataQualityAssessServiceImpl.assessData(DataQualityAssessServiceImpl.java:169)
	at com.razor.dqa.DqaApplication.main(DqaApplication.java:21)
2024-05-18 21:57:30 [main] ERROR c.r.d.v.fields.HouseNoValidator - @HouseNo校验失败：(鄂(2022)宜昌市不动产权第0045537号) [houseNo] of ApplyGuaranteeInfo(id=308, applyRecordId=459, dataStatus=0, updateTime=Thu Aug 24 02:17:59 CST 2023, guaranteeType=2, guarantorType=null, mortgagorType=2, collateralRegionType=1, houseType=2, houseNo=鄂(2022)宜昌市不动产权第0045537号, guaranteeSupplementMediaId=1694288993300123648, houseLoanPrincipal=400000.00, loanPrincipalMediaId=1694289016268132352, houseAddress=列电路49-15-201号1, houseEvaluationPrice=5088.93, houseArea=106.98, houseSoleOwnerOr=0, depositReceiptNumber=null, houseOwner=null, sendInfoMobile=15926975365, sendSpouseInfoMobile=null)
java.lang.NoSuchFieldException: house_type
	at java.lang.Class.getDeclaredField(Class.java:2070)
	at com.razor.dqa.validator.fields.HouseNoValidator.validate(HouseNoValidator.java:28)
	at com.razor.dqa.validator.AnnotationBasedValidator.validate(AnnotationBasedValidator.java:53)
	at com.razor.dqa.service.impl.DataQualityAssessServiceImpl.assessData(DataQualityAssessServiceImpl.java:169)
	at com.razor.dqa.DqaApplication.main(DqaApplication.java:21)
2024-05-18 21:57:30 [main] ERROR c.r.d.v.fields.HouseNoValidator - @HouseNo校验失败：(0291785) [houseNo] of ApplyGuaranteeInfo(id=581, applyRecordId=801, dataStatus=0, updateTime=Tue Nov 07 19:14:16 CST 2023, guaranteeType=2, guarantorType=null, mortgagorType=2, collateralRegionType=1, houseType=2, houseNo=0291785, guaranteeSupplementMediaId=1721727705512284160,1721727720775356416, houseLoanPrincipal=0.00, loanPrincipalMediaId=, houseAddress=桃花岭6-5-101号, houseEvaluationPrice=9937.00, houseArea=59.49, houseSoleOwnerOr=0, depositReceiptNumber=null, houseOwner=屈红,周淑玲, sendInfoMobile=13339791737, sendSpouseInfoMobile=null)
java.lang.NoSuchFieldException: house_type
	at java.lang.Class.getDeclaredField(Class.java:2070)
	at com.razor.dqa.validator.fields.HouseNoValidator.validate(HouseNoValidator.java:28)
	at com.razor.dqa.validator.AnnotationBasedValidator.validate(AnnotationBasedValidator.java:53)
	at com.razor.dqa.service.impl.DataQualityAssessServiceImpl.assessData(DataQualityAssessServiceImpl.java:169)
	at com.razor.dqa.DqaApplication.main(DqaApplication.java:21)
2024-05-18 21:57:30 [main] ERROR c.r.d.v.fields.HouseNoValidator - @HouseNo校验失败：(0301191) [houseNo] of ApplyGuaranteeInfo(id=662, applyRecordId=939, dataStatus=0, updateTime=Wed Dec 27 22:57:24 CST 2023, guaranteeType=2, guarantorType=null, mortgagorType=2, collateralRegionType=1, houseType=2, houseNo=0301191, guaranteeSupplementMediaId=1739903207548784640, houseLoanPrincipal=0.00, loanPrincipalMediaId=, houseAddress=发展大道41-1号, houseEvaluationPrice=4673.00, houseArea=92.84, houseSoleOwnerOr=0, depositReceiptNumber=null, houseOwner=胡甜甜, sendInfoMobile=11131144682, sendSpouseInfoMobile=null)
java.lang.NoSuchFieldException: house_type
	at java.lang.Class.getDeclaredField(Class.java:2070)
	at com.razor.dqa.validator.fields.HouseNoValidator.validate(HouseNoValidator.java:28)
	at com.razor.dqa.validator.AnnotationBasedValidator.validate(AnnotationBasedValidator.java:53)
	at com.razor.dqa.service.impl.DataQualityAssessServiceImpl.assessData(DataQualityAssessServiceImpl.java:169)
	at com.razor.dqa.DqaApplication.main(DqaApplication.java:21)
2024-05-18 21:57:30 [main] ERROR c.r.d.v.fields.HouseNoValidator - @HouseNo校验失败：(0301191) [houseNo] of ApplyGuaranteeInfo(id=674, applyRecordId=945, dataStatus=0, updateTime=Thu Dec 28 18:56:59 CST 2023, guaranteeType=2, guarantorType=null, mortgagorType=2, collateralRegionType=1, houseType=2, houseNo=0301191, guaranteeSupplementMediaId=1740205017790550016, houseLoanPrincipal=0.00, loanPrincipalMediaId=, houseAddress=发展大道41-1号, houseEvaluationPrice=4673.00, houseArea=92.84, houseSoleOwnerOr=0, depositReceiptNumber=null, houseOwner=胡甜甜, sendInfoMobile=11131144682, sendSpouseInfoMobile=null)
java.lang.NoSuchFieldException: house_type
	at java.lang.Class.getDeclaredField(Class.java:2070)
	at com.razor.dqa.validator.fields.HouseNoValidator.validate(HouseNoValidator.java:28)
	at com.razor.dqa.validator.AnnotationBasedValidator.validate(AnnotationBasedValidator.java:53)
	at com.razor.dqa.service.impl.DataQualityAssessServiceImpl.assessData(DataQualityAssessServiceImpl.java:169)
	at com.razor.dqa.DqaApplication.main(DqaApplication.java:21)
