2024-05-17 14:41:36 [main] INFO  com.razor.dqa.DqaApplication - Starting DqaApplication using Java 1.8.0_341 on LAPTOP-AO82E2QD with PID 25528 (D:\Work\Workspace\DataQualityAssessment\Sanxia\dqa\target\classes started by Xanadu in D:\Work\Workspace\DataQualityAssessment\Sanxia\dqa)
2024-05-17 14:41:36 [background-preinit] INFO  o.h.validator.internal.util.Version - HV000001: Hibernate Validator 6.2.5.Final
2024-05-17 14:41:36 [main] INFO  com.razor.dqa.DqaApplication - No active profile set, falling back to 1 default profile: "default"
2024-05-17 14:41:37 [main] INFO  com.razor.dqa.DqaApplication - Started DqaApplication in 2.079 seconds (JVM running for 2.739)
2024-05-17 14:41:37 [main] INFO  com.razor.dqa.DqaApplication - ============== start ==============
2024-05-17 14:41:37 [main] INFO  com.zaxxer.hikari.HikariDataSource - HikariPool-1 - Starting...
2024-05-17 14:41:39 [main] INFO  com.zaxxer.hikari.HikariDataSource - HikariPool-1 - Start completed.
2024-05-17 14:41:39 [main] INFO  c.r.d.s.i.DataQualityAssessServiceImpl - total : 19
2024-05-17 14:41:39 [main] INFO  c.r.d.s.i.DataQualityAssessServiceImpl - DqaResult(normativity=DqaResult.Normativity(name=规范性, dataStandard=DqaResult.AssessmentElement(aspectName=数据标准, b=0, a=0), dataModel=DqaResult.AssessmentElement(aspectName=数据模型, b=0, a=0), metaData=DqaResult.AssessmentElement(aspectName=元数据, b=0, a=0), businessRule=DqaResult.AssessmentElement(aspectName=业务规则, b=0, a=0), authoritativeReference=DqaResult.AssessmentElement(aspectName=权威参考数据, b=0, a=0), safetyRegulation=DqaResult.AssessmentElement(aspectName=安全规范, b=0, a=0)), completeness=DqaResult.Completeness(name=完整性, elementCompleteness=DqaResult.AssessmentElement(aspectName=数据元素完整性, b=95, a=95), recordCompleteness=DqaResult.AssessmentElement(aspectName=数据记录完整性, b=0, a=0)), accuracy=DqaResult.Accuracy(name=准确性, correctness=DqaResult.AssessmentElement(aspectName=数据内容正确性, b=0, a=0), formatCompliance=DqaResult.AssessmentElement(aspectName=数据格式合规性, b=19, a=19), duplicationRate=DqaResult.AssessmentElement(aspectName=数据重复率, b=0, a=0), uniqueness=DqaResult.AssessmentElement(aspectName=数据唯一性, b=0, a=0), dirtyDataRate=DqaResult.AssessmentElement(aspectName=脏数据出现率, b=0, a=0)), consistency=DqaResult.Consistency(name=一致性, sameData=DqaResult.AssessmentElement(aspectName=相同数据一致性, b=0, a=0), releventData=DqaResult.AssessmentElement(aspectName=关联数据一致性, b=0, a=0)), timeliness=DqaResult.Timeliness(name=时效性, periodBased=DqaResult.AssessmentElement(aspectName=基于时间段的正确性, b=0, a=0), timestampBased=DqaResult.AssessmentElement(aspectName=基于时间点的及时性, b=0, a=0), temporality=DqaResult.AssessmentElement(aspectName=时序性, b=0, a=0)), accessibility=DqaResult.Accessibility(name=可访问性, accessibility=DqaResult.AssessmentElement(aspectName=可访问性, b=19, a=19), availability=DqaResult.AssessmentElement(aspectName=可用性, b=0, a=0)))
2024-05-17 14:41:39 [main] INFO  com.razor.dqa.DqaApplication - ============== end ==============
2024-05-17 14:41:39 [SpringApplicationShutdownHook] INFO  com.zaxxer.hikari.HikariDataSource - HikariPool-1 - Shutdown initiated...
2024-05-17 14:41:39 [SpringApplicationShutdownHook] INFO  com.zaxxer.hikari.HikariDataSource - HikariPool-1 - Shutdown completed.
2024-05-17 14:45:45 [background-preinit] INFO  o.h.validator.internal.util.Version - HV000001: Hibernate Validator 6.2.5.Final
2024-05-17 14:45:45 [main] INFO  com.razor.dqa.DqaApplication - Starting DqaApplication using Java 1.8.0_341 on LAPTOP-AO82E2QD with PID 30588 (D:\Work\Workspace\DataQualityAssessment\Sanxia\dqa\target\classes started by Xanadu in D:\Work\Workspace\DataQualityAssessment\Sanxia\dqa)
2024-05-17 14:45:45 [main] INFO  com.razor.dqa.DqaApplication - No active profile set, falling back to 1 default profile: "default"
2024-05-17 14:45:46 [main] INFO  com.razor.dqa.DqaApplication - Started DqaApplication in 1.757 seconds (JVM running for 2.263)
2024-05-17 14:45:46 [main] INFO  com.razor.dqa.DqaApplication - ============== start ==============
2024-05-17 14:45:46 [main] INFO  com.zaxxer.hikari.HikariDataSource - HikariPool-1 - Starting...
2024-05-17 14:45:48 [main] INFO  com.zaxxer.hikari.HikariDataSource - HikariPool-1 - Start completed.
2024-05-17 14:45:48 [main] INFO  c.r.d.s.i.DataQualityAssessServiceImpl - total : 19
2024-05-17 14:45:48 [main] INFO  c.r.d.s.i.DataQualityAssessServiceImpl - DqaResult(normativity=DqaResult.Normativity(name=规范性, dataStandard=DqaResult.AssessmentElement(aspectName=数据标准, b=0, a=0), dataModel=DqaResult.AssessmentElement(aspectName=数据模型, b=0, a=0), metaData=DqaResult.AssessmentElement(aspectName=元数据, b=19, a=19), businessRule=DqaResult.AssessmentElement(aspectName=业务规则, b=0, a=0), authoritativeReference=DqaResult.AssessmentElement(aspectName=权威参考数据, b=0, a=0), safetyRegulation=DqaResult.AssessmentElement(aspectName=安全规范, b=0, a=0)), completeness=DqaResult.Completeness(name=完整性, elementCompleteness=DqaResult.AssessmentElement(aspectName=数据元素完整性, b=19, a=19), recordCompleteness=DqaResult.AssessmentElement(aspectName=数据记录完整性, b=0, a=0)), accuracy=DqaResult.Accuracy(name=准确性, correctness=DqaResult.AssessmentElement(aspectName=数据内容正确性, b=0, a=0), formatCompliance=DqaResult.AssessmentElement(aspectName=数据格式合规性, b=0, a=0), duplicationRate=DqaResult.AssessmentElement(aspectName=数据重复率, b=0, a=0), uniqueness=DqaResult.AssessmentElement(aspectName=数据唯一性, b=0, a=0), dirtyDataRate=DqaResult.AssessmentElement(aspectName=脏数据出现率, b=0, a=0)), consistency=DqaResult.Consistency(name=一致性, sameData=DqaResult.AssessmentElement(aspectName=相同数据一致性, b=0, a=0), releventData=DqaResult.AssessmentElement(aspectName=关联数据一致性, b=0, a=0)), timeliness=DqaResult.Timeliness(name=时效性, periodBased=DqaResult.AssessmentElement(aspectName=基于时间段的正确性, b=0, a=0), timestampBased=DqaResult.AssessmentElement(aspectName=基于时间点的及时性, b=0, a=0), temporality=DqaResult.AssessmentElement(aspectName=时序性, b=0, a=0)), accessibility=DqaResult.Accessibility(name=可访问性, accessibility=DqaResult.AssessmentElement(aspectName=可访问性, b=0, a=19), availability=DqaResult.AssessmentElement(aspectName=可用性, b=0, a=0)))
2024-05-17 14:45:48 [main] INFO  com.razor.dqa.DqaApplication - ============== end ==============
2024-05-17 14:45:48 [SpringApplicationShutdownHook] INFO  com.zaxxer.hikari.HikariDataSource - HikariPool-1 - Shutdown initiated...
2024-05-17 14:45:48 [SpringApplicationShutdownHook] INFO  com.zaxxer.hikari.HikariDataSource - HikariPool-1 - Shutdown completed.
2024-05-17 14:49:16 [background-preinit] INFO  o.h.validator.internal.util.Version - HV000001: Hibernate Validator 6.2.5.Final
2024-05-17 14:49:16 [main] INFO  com.razor.dqa.DqaApplication - Starting DqaApplication using Java 1.8.0_341 on LAPTOP-AO82E2QD with PID 27076 (D:\Work\Workspace\DataQualityAssessment\Sanxia\dqa\target\classes started by Xanadu in D:\Work\Workspace\DataQualityAssessment\Sanxia\dqa)
2024-05-17 14:49:16 [main] INFO  com.razor.dqa.DqaApplication - No active profile set, falling back to 1 default profile: "default"
2024-05-17 14:49:17 [main] INFO  com.razor.dqa.DqaApplication - Started DqaApplication in 1.745 seconds (JVM running for 2.267)
2024-05-17 14:49:17 [main] INFO  com.razor.dqa.DqaApplication - ============== start ==============
2024-05-17 14:49:17 [main] INFO  com.zaxxer.hikari.HikariDataSource - HikariPool-1 - Starting...
2024-05-17 14:49:19 [main] INFO  com.zaxxer.hikari.HikariDataSource - HikariPool-1 - Start completed.
2024-05-17 14:49:19 [main] INFO  c.r.d.s.i.DataQualityAssessServiceImpl - total : 19
2024-05-17 14:49:19 [main] INFO  c.r.d.s.i.DataQualityAssessServiceImpl - DqaResult(normativity=DqaResult.Normativity(name=规范性, dataStandard=DqaResult.AssessmentElement(aspectName=数据标准, b=0, a=0), dataModel=DqaResult.AssessmentElement(aspectName=数据模型, b=0, a=0), metaData=DqaResult.AssessmentElement(aspectName=元数据, b=323, a=323), businessRule=DqaResult.AssessmentElement(aspectName=业务规则, b=0, a=0), authoritativeReference=DqaResult.AssessmentElement(aspectName=权威参考数据, b=0, a=0), safetyRegulation=DqaResult.AssessmentElement(aspectName=安全规范, b=0, a=0)), completeness=DqaResult.Completeness(name=完整性, elementCompleteness=DqaResult.AssessmentElement(aspectName=数据元素完整性, b=95, a=95), recordCompleteness=DqaResult.AssessmentElement(aspectName=数据记录完整性, b=0, a=0)), accuracy=DqaResult.Accuracy(name=准确性, correctness=DqaResult.AssessmentElement(aspectName=数据内容正确性, b=0, a=0), formatCompliance=DqaResult.AssessmentElement(aspectName=数据格式合规性, b=114, a=114), duplicationRate=DqaResult.AssessmentElement(aspectName=数据重复率, b=19, a=19), uniqueness=DqaResult.AssessmentElement(aspectName=数据唯一性, b=19, a=19), dirtyDataRate=DqaResult.AssessmentElement(aspectName=脏数据出现率, b=0, a=0)), consistency=DqaResult.Consistency(name=一致性, sameData=DqaResult.AssessmentElement(aspectName=相同数据一致性, b=0, a=0), releventData=DqaResult.AssessmentElement(aspectName=关联数据一致性, b=0, a=0)), timeliness=DqaResult.Timeliness(name=时效性, periodBased=DqaResult.AssessmentElement(aspectName=基于时间段的正确性, b=0, a=0), timestampBased=DqaResult.AssessmentElement(aspectName=基于时间点的及时性, b=0, a=0), temporality=DqaResult.AssessmentElement(aspectName=时序性, b=0, a=19)), accessibility=DqaResult.Accessibility(name=可访问性, accessibility=DqaResult.AssessmentElement(aspectName=可访问性, b=19, a=19), availability=DqaResult.AssessmentElement(aspectName=可用性, b=0, a=0)))
2024-05-17 14:49:19 [main] INFO  com.razor.dqa.DqaApplication - ============== end ==============
2024-05-17 14:49:19 [SpringApplicationShutdownHook] INFO  com.zaxxer.hikari.HikariDataSource - HikariPool-1 - Shutdown initiated...
2024-05-17 14:49:19 [SpringApplicationShutdownHook] INFO  com.zaxxer.hikari.HikariDataSource - HikariPool-1 - Shutdown completed.
2024-05-17 14:50:31 [background-preinit] INFO  o.h.validator.internal.util.Version - HV000001: Hibernate Validator 6.2.5.Final
2024-05-17 14:50:31 [main] INFO  com.razor.dqa.DqaApplication - Starting DqaApplication using Java 1.8.0_341 on LAPTOP-AO82E2QD with PID 11596 (D:\Work\Workspace\DataQualityAssessment\Sanxia\dqa\target\classes started by Xanadu in D:\Work\Workspace\DataQualityAssessment\Sanxia\dqa)
2024-05-17 14:50:31 [main] INFO  com.razor.dqa.DqaApplication - No active profile set, falling back to 1 default profile: "default"
2024-05-17 14:50:32 [main] INFO  com.razor.dqa.DqaApplication - Started DqaApplication in 1.714 seconds (JVM running for 2.184)
2024-05-17 14:50:32 [main] INFO  com.razor.dqa.DqaApplication - ============== start ==============
2024-05-17 14:50:32 [main] INFO  com.zaxxer.hikari.HikariDataSource - HikariPool-1 - Starting...
2024-05-17 14:50:34 [main] INFO  com.zaxxer.hikari.HikariDataSource - HikariPool-1 - Start completed.
2024-05-17 14:50:34 [main] INFO  c.r.d.s.i.DataQualityAssessServiceImpl - total : 19
2024-05-17 14:50:34 [main] INFO  c.r.d.s.i.DataQualityAssessServiceImpl - DqaResult(normativity=DqaResult.Normativity(name=规范性, dataStandard=DqaResult.AssessmentElement(aspectName=数据标准, b=0, a=0), dataModel=DqaResult.AssessmentElement(aspectName=数据模型, b=0, a=0), metaData=DqaResult.AssessmentElement(aspectName=元数据, b=323, a=323), businessRule=DqaResult.AssessmentElement(aspectName=业务规则, b=0, a=0), authoritativeReference=DqaResult.AssessmentElement(aspectName=权威参考数据, b=0, a=0), safetyRegulation=DqaResult.AssessmentElement(aspectName=安全规范, b=0, a=0)), completeness=DqaResult.Completeness(name=完整性, elementCompleteness=DqaResult.AssessmentElement(aspectName=数据元素完整性, b=95, a=95), recordCompleteness=DqaResult.AssessmentElement(aspectName=数据记录完整性, b=0, a=0)), accuracy=DqaResult.Accuracy(name=准确性, correctness=DqaResult.AssessmentElement(aspectName=数据内容正确性, b=0, a=0), formatCompliance=DqaResult.AssessmentElement(aspectName=数据格式合规性, b=114, a=114), duplicationRate=DqaResult.AssessmentElement(aspectName=数据重复率, b=19, a=19), uniqueness=DqaResult.AssessmentElement(aspectName=数据唯一性, b=19, a=19), dirtyDataRate=DqaResult.AssessmentElement(aspectName=脏数据出现率, b=0, a=0)), consistency=DqaResult.Consistency(name=一致性, sameData=DqaResult.AssessmentElement(aspectName=相同数据一致性, b=0, a=0), releventData=DqaResult.AssessmentElement(aspectName=关联数据一致性, b=0, a=0)), timeliness=DqaResult.Timeliness(name=时效性, periodBased=DqaResult.AssessmentElement(aspectName=基于时间段的正确性, b=0, a=0), timestampBased=DqaResult.AssessmentElement(aspectName=基于时间点的及时性, b=0, a=0), temporality=DqaResult.AssessmentElement(aspectName=时序性, b=4, a=4)), accessibility=DqaResult.Accessibility(name=可访问性, accessibility=DqaResult.AssessmentElement(aspectName=可访问性, b=19, a=19), availability=DqaResult.AssessmentElement(aspectName=可用性, b=0, a=0)))
2024-05-17 14:50:34 [main] INFO  com.razor.dqa.DqaApplication - ============== end ==============
2024-05-17 14:50:34 [SpringApplicationShutdownHook] INFO  com.zaxxer.hikari.HikariDataSource - HikariPool-1 - Shutdown initiated...
2024-05-17 14:50:34 [SpringApplicationShutdownHook] INFO  com.zaxxer.hikari.HikariDataSource - HikariPool-1 - Shutdown completed.
